<?xml version="1.0" encoding="UTF-8"?>
<!-- Generated by org.testng.reporters.JUnitXMLReporter -->
<testsuite ignored="0" hostname="DESKTOP-TNHRL6O" failures="0" tests="5" name="Default test" time="31.489" errors="0" timestamp="2023-04-29T15:17:24 PDT">
  <testcase classname="com.acti.testcase.LoginPageTests" name="testActiImgDisplayed" time="0.06"/>
  <testcase classname="com.acti.testcase.LoginPageTests" name="testForgotPasswordDisplayed" time="0.035"/>
  <testcase classname="com.acti.testcase.LoginPageTests" name="testLoginFunction" time="0.155"/>
  <testcase classname="com.acti.testcase.LoginPageTests" name="testLoginInvalidCredientials" time="3.133"/>
  <testcase classname="com.acti.testcase.LoginPageTests" name="testLoginPageTitle" time="0.006"/>
</testsuite> <!-- Default test -->
