<?xml version="1.0" encoding="UTF-8"?>
<!-- Generated by org.testng.reporters.JUnitXMLReporter -->
<testsuite ignored="0" hostname="DESKTOP-TNHRL6O" failures="0" tests="7" name="Test" time="67.546" errors="0" timestamp="2023-05-02T16:41:30 PDT">
  <testcase classname="com.acti.testcase.LoginPageTests" name="testActiImgDisplayed" time="0.052"/>
  <testcase classname="com.acti.testcase.LoginPageTests" name="testForgotPasswordDisplayed" time="0.042"/>
  <testcase classname="com.acti.testcase.LoginPageTests" name="testLoginFunction" time="0.142"/>
  <testcase classname="com.acti.testcase.LoginPageTests" name="testLoginInvalidCredientials" time="3.127"/>
  <testcase classname="com.acti.testcase.LoginPageTests" name="testLoginPageTitle" time="0.006"/>
  <testcase classname="com.acti.testcase.TaskPageTests" name="testLoginFunctionforTaskPg" time="19.4"/>
  <testcase classname="com.acti.testcase.TaskPageTests" name="testDeleteCustomer" time="13.676"/>
</testsuite> <!-- Test -->
