<?xml version="1.0" encoding="UTF-8"?>
<testng-results ignored="0" total="2" passed="2" failed="0" skipped="0">
  <reporter-output>
  </reporter-output>
  <suite started-at="2023-05-02T16:48:17 PDT" name="Default suite" finished-at="2023-05-02T16:48:58 PDT" duration-ms="40547">
    <groups>
    </groups>
    <test started-at="2023-05-02T16:48:17 PDT" name="Default test" finished-at="2023-05-02T16:48:58 PDT" duration-ms="40547">
      <class name="com.acti.testcase.TaskPageTests">
        <test-method is-config="true" signature="preTest()[pri:0, instance:com.acti.testcase.TaskPageTests@5a56cdac]" started-at="2023-05-02T16:48:17 PDT" name="preTest" finished-at="2023-05-02T16:48:22 PDT" duration-ms="4711" status="PASS">
          <reporter-output>
          </reporter-output>
        </test-method> <!-- preTest -->
        <test-method signature="testLoginFunctionforTaskPg()[pri:1, instance:com.acti.testcase.TaskPageTests@5a56cdac]" started-at="2023-05-02T16:48:22 PDT" name="testLoginFunctionforTaskPg" finished-at="2023-05-02T16:48:39 PDT" duration-ms="17450" status="PASS">
          <reporter-output>
          </reporter-output>
        </test-method> <!-- testLoginFunctionforTaskPg -->
        <test-method is-config="true" signature="tearDown()[pri:0, instance:com.acti.testcase.TaskPageTests@5a56cdac]" started-at="2023-05-02T16:48:39 PDT" name="tearDown" finished-at="2023-05-02T16:48:40 PDT" duration-ms="247" status="PASS">
          <reporter-output>
          </reporter-output>
        </test-method> <!-- tearDown -->
        <test-method is-config="true" signature="preTest()[pri:0, instance:com.acti.testcase.TaskPageTests@5a56cdac]" started-at="2023-05-02T16:48:40 PDT" name="preTest" finished-at="2023-05-02T16:48:44 PDT" duration-ms="4298" status="PASS">
          <reporter-output>
          </reporter-output>
        </test-method> <!-- preTest -->
        <test-method signature="testDeleteCustomer()[pri:2, instance:com.acti.testcase.TaskPageTests@5a56cdac]" started-at="2023-05-02T16:48:44 PDT" name="testDeleteCustomer" finished-at="2023-05-02T16:48:58 PDT" duration-ms="13594" status="PASS">
          <reporter-output>
          </reporter-output>
        </test-method> <!-- testDeleteCustomer -->
        <test-method is-config="true" signature="tearDown()[pri:0, instance:com.acti.testcase.TaskPageTests@5a56cdac]" started-at="2023-05-02T16:48:58 PDT" name="tearDown" finished-at="2023-05-02T16:48:58 PDT" duration-ms="207" status="PASS">
          <reporter-output>
          </reporter-output>
        </test-method> <!-- tearDown -->
      </class> <!-- com.acti.testcase.TaskPageTests -->
    </test> <!-- Default test -->
  </suite> <!-- Default suite -->
</testng-results>
