<?xml version="1.0" encoding="UTF-8"?>
<testng-results ignored="0" total="5" passed="5" failed="0" skipped="0">
  <reporter-output>
  </reporter-output>
  <suite started-at="2023-04-29T15:16:52 PDT" name="Default suite" finished-at="2023-04-29T15:17:24 PDT" duration-ms="31489">
    <groups>
    </groups>
    <test started-at="2023-04-29T15:16:52 PDT" name="Default test" finished-at="2023-04-29T15:17:24 PDT" duration-ms="31489">
      <class name="com.acti.testcase.LoginPageTests">
        <test-method is-config="true" signature="preTest()[pri:0, instance:com.acti.testcase.LoginPageTests@5b03b9fe]" started-at="2023-04-29T15:16:52 PDT" name="preTest" finished-at="2023-04-29T15:16:59 PDT" duration-ms="6336" status="PASS">
          <reporter-output>
          </reporter-output>
        </test-method> <!-- preTest -->
        <test-method signature="testActiImgDisplayed()[pri:0, instance:com.acti.testcase.LoginPageTests@5b03b9fe]" started-at="2023-04-29T15:16:59 PDT" name="testActiImgDisplayed" finished-at="2023-04-29T15:16:59 PDT" duration-ms="60" status="PASS">
          <reporter-output>
          </reporter-output>
        </test-method> <!-- testActiImgDisplayed -->
        <test-method is-config="true" signature="tearDown()[pri:0, instance:com.acti.testcase.LoginPageTests@5b03b9fe]" started-at="2023-04-29T15:16:59 PDT" name="tearDown" finished-at="2023-04-29T15:16:59 PDT" duration-ms="168" status="PASS">
          <reporter-output>
          </reporter-output>
        </test-method> <!-- tearDown -->
        <test-method is-config="true" signature="preTest()[pri:0, instance:com.acti.testcase.LoginPageTests@5b03b9fe]" started-at="2023-04-29T15:16:59 PDT" name="preTest" finished-at="2023-04-29T15:17:03 PDT" duration-ms="4412" status="PASS">
          <reporter-output>
          </reporter-output>
        </test-method> <!-- preTest -->
        <test-method signature="testForgotPasswordDisplayed()[pri:0, instance:com.acti.testcase.LoginPageTests@5b03b9fe]" started-at="2023-04-29T15:17:03 PDT" name="testForgotPasswordDisplayed" finished-at="2023-04-29T15:17:03 PDT" duration-ms="35" status="PASS">
          <reporter-output>
          </reporter-output>
        </test-method> <!-- testForgotPasswordDisplayed -->
        <test-method is-config="true" signature="tearDown()[pri:0, instance:com.acti.testcase.LoginPageTests@5b03b9fe]" started-at="2023-04-29T15:17:03 PDT" name="tearDown" finished-at="2023-04-29T15:17:03 PDT" duration-ms="177" status="PASS">
          <reporter-output>
          </reporter-output>
        </test-method> <!-- tearDown -->
        <test-method is-config="true" signature="preTest()[pri:0, instance:com.acti.testcase.LoginPageTests@5b03b9fe]" started-at="2023-04-29T15:17:03 PDT" name="preTest" finished-at="2023-04-29T15:17:11 PDT" duration-ms="7440" status="PASS">
          <reporter-output>
          </reporter-output>
        </test-method> <!-- preTest -->
        <test-method signature="testLoginFunction()[pri:0, instance:com.acti.testcase.LoginPageTests@5b03b9fe]" started-at="2023-04-29T15:17:11 PDT" name="testLoginFunction" finished-at="2023-04-29T15:17:11 PDT" duration-ms="155" status="PASS">
          <reporter-output>
          </reporter-output>
        </test-method> <!-- testLoginFunction -->
        <test-method is-config="true" signature="tearDown()[pri:0, instance:com.acti.testcase.LoginPageTests@5b03b9fe]" started-at="2023-04-29T15:17:11 PDT" name="tearDown" finished-at="2023-04-29T15:17:11 PDT" duration-ms="176" status="PASS">
          <reporter-output>
          </reporter-output>
        </test-method> <!-- tearDown -->
        <test-method is-config="true" signature="preTest()[pri:0, instance:com.acti.testcase.LoginPageTests@5b03b9fe]" started-at="2023-04-29T15:17:11 PDT" name="preTest" finished-at="2023-04-29T15:17:15 PDT" duration-ms="4134" status="PASS">
          <reporter-output>
          </reporter-output>
        </test-method> <!-- preTest -->
        <test-method signature="testLoginInvalidCredientials()[pri:0, instance:com.acti.testcase.LoginPageTests@5b03b9fe]" started-at="2023-04-29T15:17:15 PDT" name="testLoginInvalidCredientials" finished-at="2023-04-29T15:17:18 PDT" duration-ms="3133" status="PASS">
          <reporter-output>
          </reporter-output>
        </test-method> <!-- testLoginInvalidCredientials -->
        <test-method is-config="true" signature="tearDown()[pri:0, instance:com.acti.testcase.LoginPageTests@5b03b9fe]" started-at="2023-04-29T15:17:18 PDT" name="tearDown" finished-at="2023-04-29T15:17:19 PDT" duration-ms="790" status="PASS">
          <reporter-output>
          </reporter-output>
        </test-method> <!-- tearDown -->
        <test-method is-config="true" signature="preTest()[pri:0, instance:com.acti.testcase.LoginPageTests@5b03b9fe]" started-at="2023-04-29T15:17:19 PDT" name="preTest" finished-at="2023-04-29T15:17:23 PDT" duration-ms="4247" status="PASS">
          <reporter-output>
          </reporter-output>
        </test-method> <!-- preTest -->
        <test-method signature="testLoginPageTitle()[pri:0, instance:com.acti.testcase.LoginPageTests@5b03b9fe]" started-at="2023-04-29T15:17:23 PDT" name="testLoginPageTitle" finished-at="2023-04-29T15:17:23 PDT" duration-ms="6" status="PASS">
          <reporter-output>
          </reporter-output>
        </test-method> <!-- testLoginPageTitle -->
        <test-method is-config="true" signature="tearDown()[pri:0, instance:com.acti.testcase.LoginPageTests@5b03b9fe]" started-at="2023-04-29T15:17:23 PDT" name="tearDown" finished-at="2023-04-29T15:17:24 PDT" duration-ms="166" status="PASS">
          <reporter-output>
          </reporter-output>
        </test-method> <!-- tearDown -->
      </class> <!-- com.acti.testcase.LoginPageTests -->
    </test> <!-- Default test -->
  </suite> <!-- Default suite -->
</testng-results>
